# JRE version: Java(TM) SE Runtime Environment (8.0_111-b14) (build 1.8.0_111-b14)
# Java VM: Java HotSpot(TM) 64-Bit Server VM (25.111-b14 mixed mode windows-amd64 compressed oops)
Heap:
 PSYoungGen      total 39424K, used 4723K [0x00000000eaf80000, 0x00000000ef480000, 0x0000000100000000)
  eden space 36864K, 5% used [0x00000000eaf80000,0x00000000eb1a2650,0x00000000ed380000)
  from space 2560K, 99% used [0x00000000ef200000,0x00000000ef47a7e0,0x00000000ef480000)
  to   space 2560K, 0% used [0x00000000eef80000,0x00000000eef80000,0x00000000ef200000)
 ParOldGen       total 62976K, used 18165K [0x00000000c0e00000, 0x00000000c4b80000, 0x00000000eaf80000)
  object space 62976K, 28% used [0x00000000c0e00000,0x00000000c1fbd4c8,0x00000000c4b80000)
 Metaspace       used 22266K, capacity 23470K, committed 23680K, reserved 1069056K
  class space    used 3187K, capacity 3453K, committed 3456K, reserved 1048576K
GC Heap History (10 events):
Event: 0.863 GC heap before
{Heap before GC invocations=1 (full 0):
 PSYoungGen      total 18944K, used 16384K [0x00000000eaf80000, 0x00000000ec480000, 0x0000000100000000)
  eden space 16384K, 100% used [0x00000000eaf80000,0x00000000ebf80000,0x00000000ebf80000)
  from space 2560K, 0% used [0x00000000ec200000,0x00000000ec200000,0x00000000ec480000)
  to   space 2560K, 0% used [0x00000000ebf80000,0x00000000ebf80000,0x00000000ec200000)
 ParOldGen       total 44032K, used 0K [0x00000000c0e00000, 0x00000000c3900000, 0x00000000eaf80000)
  object space 44032K, 0% used [0x00000000c0e00000,0x00000000c0e00000,0x00000000c3900000)
 Metaspace       used 10798K, capacity 11208K, committed 11264K, reserved 1058816K
  class space    used 1400K, capacity 1528K, committed 1536K, reserved 1048576K
Event: 0.872 GC heap after
Heap after GC invocations=1 (full 0):
 PSYoungGen      total 18944K, used 2539K [0x00000000eaf80000, 0x00000000ed480000, 0x0000000100000000)
  eden space 16384K, 0% used [0x00000000eaf80000,0x00000000eaf80000,0x00000000ebf80000)
  from space 2560K, 99% used [0x00000000ebf80000,0x00000000ec1faea0,0x00000000ec200000)
  to   space 2560K, 0% used [0x00000000ed200000,0x00000000ed200000,0x00000000ed480000)
 ParOldGen       total 44032K, used 557K [0x00000000c0e00000, 0x00000000c3900000, 0x00000000eaf80000)
  object space 44032K, 1% used [0x00000000c0e00000,0x00000000c0e8b778,0x00000000c3900000)
 Metaspace       used 10798K, capacity 11208K, committed 11264K, reserved 1058816K
  class space    used 1400K, capacity 1528K, committed 1536K, reserved 1048576K
}
Event: 1.538 GC heap before
{Heap before GC invocations=2 (full 0):
 PSYoungGen      total 18944K, used 18923K [0x00000000eaf80000, 0x00000000ed480000, 0x0000000100000000)
  eden space 16384K, 100% used [0x00000000eaf80000,0x00000000ebf80000,0x00000000ebf80000)
  from space 2560K, 99% used [0x00000000ebf80000,0x00000000ec1faea0,0x00000000ec200000)
  to   space 2560K, 0% used [0x00000000ed200000,0x00000000ed200000,0x00000000ed480000)
 ParOldGen       total 44032K, used 557K [0x00000000c0e00000, 0x00000000c3900000, 0x00000000eaf80000)
  object space 44032K, 1% used [0x00000000c0e00000,0x00000000c0e8b778,0x00000000c3900000)
 Metaspace       used 15939K, capacity 16616K, committed 16896K, reserved 1062912K
  class space    used 2275K, capacity 2454K, committed 2560K, reserved 1048576K
Event: 1.547 GC heap after
Heap after GC invocations=2 (full 0):
 PSYoungGen      total 35328K, used 2544K [0x00000000eaf80000, 0x00000000ed480000, 0x0000000100000000)
  eden space 32768K, 0% used [0x00000000eaf80000,0x00000000eaf80000,0x00000000ecf80000)
  from space 2560K, 99% used [0x00000000ed200000,0x00000000ed47c030,0x00000000ed480000)
  to   space 2560K, 0% used [0x00000000ecf80000,0x00000000ecf80000,0x00000000ed200000)
 ParOldGen       total 44032K, used 3013K [0x00000000c0e00000, 0x00000000c3900000, 0x00000000eaf80000)
  object space 44032K, 6% used [0x00000000c0e00000,0x00000000c10f1750,0x00000000c3900000)
 Metaspace       used 15939K, capacity 16616K, committed 16896K, reserved 1062912K
  class space    used 2275K, capacity 2454K, committed 2560K, reserved 1048576K
}
Event: 2.712 GC heap before
{Heap before GC invocations=3 (full 0):
 PSYoungGen      total 35328K, used 34122K [0x00000000eaf80000, 0x00000000ed480000, 0x0000000100000000)
  eden space 32768K, 96% used [0x00000000eaf80000,0x00000000ece568f0,0x00000000ecf80000)
  from space 2560K, 99% used [0x00000000ed200000,0x00000000ed47c030,0x00000000ed480000)
  to   space 2560K, 0% used [0x00000000ecf80000,0x00000000ecf80000,0x00000000ed200000)
 ParOldGen       total 44032K, used 3013K [0x00000000c0e00000, 0x00000000c3900000, 0x00000000eaf80000)
  object space 44032K, 6% used [0x00000000c0e00000,0x00000000c10f1750,0x00000000c3900000)
 Metaspace       used 20072K, capacity 21184K, committed 21248K, reserved 1067008K
  class space    used 3012K, capacity 3268K, committed 3328K, reserved 1048576K
Event: 2.745 GC heap after
Heap after GC invocations=3 (full 0):
 PSYoungGen      total 35328K, used 2555K [0x00000000eaf80000, 0x00000000ef480000, 0x0000000100000000)
  eden space 32768K, 0% used [0x00000000eaf80000,0x00000000eaf80000,0x00000000ecf80000)
  from space 2560K, 99% used [0x00000000ecf80000,0x00000000ed1fee50,0x00000000ed200000)
  to   space 2560K, 0% used [0x00000000ef200000,0x00000000ef200000,0x00000000ef480000)
 ParOldGen       total 44032K, used 16249K [0x00000000c0e00000, 0x00000000c3900000, 0x00000000eaf80000)
  object space 44032K, 36% used [0x00000000c0e00000,0x00000000c1dde4a8,0x00000000c3900000)
 Metaspace       used 20072K, capacity 21184K, committed 21248K, reserved 1067008K
  class space    used 3012K, capacity 3268K, committed 3328K, reserved 1048576K
}
Event: 2.745 GC heap before
{Heap before GC invocations=4 (full 1):
 PSYoungGen      total 35328K, used 2555K [0x00000000eaf80000, 0x00000000ef480000, 0x0000000100000000)
  eden space 32768K, 0% used [0x00000000eaf80000,0x00000000eaf80000,0x00000000ecf80000)
  from space 2560K, 99% used [0x00000000ecf80000,0x00000000ed1fee50,0x00000000ed200000)
  to   space 2560K, 0% used [0x00000000ef200000,0x00000000ef200000,0x00000000ef480000)
 ParOldGen       total 44032K, used 16249K [0x00000000c0e00000, 0x00000000c3900000, 0x00000000eaf80000)
  object space 44032K, 36% used [0x00000000c0e00000,0x00000000c1dde4a8,0x00000000c3900000)
 Metaspace       used 20072K, capacity 21184K, committed 21248K, reserved 1067008K
  class space    used 3012K, capacity 3268K, committed 3328K, reserved 1048576K
Event: 3.016 GC heap after
Heap after GC invocations=4 (full 1):
 PSYoungGen      total 35328K, used 0K [0x00000000eaf80000, 0x00000000ef480000, 0x0000000100000000)
  eden space 32768K, 0% used [0x00000000eaf80000,0x00000000eaf80000,0x00000000ecf80000)
  from space 2560K, 0% used [0x00000000ecf80000,0x00000000ecf80000,0x00000000ed200000)
  to   space 2560K, 0% used [0x00000000ef200000,0x00000000ef200000,0x00000000ef480000)
 ParOldGen       total 62976K, used 18125K [0x00000000c0e00000, 0x00000000c4b80000, 0x00000000eaf80000)
  object space 62976K, 28% used [0x00000000c0e00000,0x00000000c1fb34c8,0x00000000c4b80000)
 Metaspace       used 20072K, capacity 21184K, committed 21248K, reserved 1067008K
  class space    used 3012K, capacity 3268K, committed 3328K, reserved 1048576K
}
Event: 53.430 GC heap before
{Heap before GC invocations=5 (full 1):
 PSYoungGen      total 35328K, used 32768K [0x00000000eaf80000, 0x00000000ef480000, 0x0000000100000000)
  eden space 32768K, 100% used [0x00000000eaf80000,0x00000000ecf80000,0x00000000ecf80000)
  from space 2560K, 0% used [0x00000000ecf80000,0x00000000ecf80000,0x00000000ed200000)
  to   space 2560K, 0% used [0x00000000ef200000,0x00000000ef200000,0x00000000ef480000)
 ParOldGen       total 62976K, used 18125K [0x00000000c0e00000, 0x00000000c4b80000, 0x00000000eaf80000)
  object space 62976K, 28% used [0x00000000c0e00000,0x00000000c1fb34c8,0x00000000c4b80000)
 Metaspace       used 22146K, capacity 23342K, committed 23424K, reserved 1069056K
  class space    used 3172K, capacity 3389K, committed 3456K, reserved 1048576K
Event: 53.439 GC heap after
Heap after GC invocations=5 (full 1):
 PSYoungGen      total 39424K, used 2537K [0x00000000eaf80000, 0x00000000ef480000, 0x0000000100000000)
  eden space 36864K, 0% used [0x00000000eaf80000,0x00000000eaf80000,0x00000000ed380000)
  from space 2560K, 99% used [0x00000000ef200000,0x00000000ef47a7e0,0x00000000ef480000)
  to   space 2560K, 0% used [0x00000000eef80000,0x00000000eef80000,0x00000000ef200000)
 ParOldGen       total 62976K, used 18165K [0x00000000c0e00000, 0x00000000c4b80000, 0x00000000eaf80000)
  object space 62976K, 28% used [0x00000000c0e00000,0x00000000c1fbd4c8,0x00000000c4b80000)
 Metaspace       used 22146K, capacity 23342K, committed 23424K, reserved 1069056K
  class space    used 3172K, capacity 3389K, committed 3456K, reserved 1048576K
}

